<?xml version="1.0" encoding="UTF-8"?>
<!-- Generated by org.testng.reporters.JUnitReportReporter -->
<testsuite skipped="1" hostname="DESKTOP-N4PSSFG" name="com.basic.Groups" tests="4" failures="0" timestamp="16 Sep 2022 04:40:22 GMT" time="0.032" errors="0">
  <testcase name="m2" time="0.000" classname="com.basic.Groups"/>
  <testcase name="m3" time="0.032" classname="com.basic.Groups"/>
  <testcase name="m4" time="0.000" classname="com.basic.Groups"/>
  <testcase name="m1" classname="com.basic.Groups">
    <skipped/>
  </testcase> <!-- m1 -->
</testsuite> <!-- com.basic.Groups -->
