<?xml version="1.0" encoding="UTF-8"?>
<!-- Generated by org.testng.reporters.JUnitReportReporter -->
<testsuite skipped="0" hostname="DESKTOP-N4PSSFG" name="com.basic.ParrallelExecution" tests="3" failures="0" timestamp="01 Sep 2022 08:41:19 GMT" time="123.535" errors="0">
  <testcase name="parralelAdactin" time="37.885" classname="com.basic.ParrallelExecution"/>
  <testcase name="parrallelFacebook" time="42.379" classname="com.basic.ParrallelExecution"/>
  <testcase name="parralelYoutube" time="43.271" classname="com.basic.ParrallelExecution"/>
</testsuite> <!-- com.basic.ParrallelExecution -->
