<?xml version="1.0" encoding="UTF-8"?>
<!-- Generated by org.testng.reporters.JUnitReportReporter -->
<testsuite skipped="0" hostname="DESKTOP-N4PSSFG" name="com.testNgs.Datarprovider" tests="2" failures="0" timestamp="12 Sep 2022 04:16:41 GMT" time="29.915" errors="0">
  <testcase name="loginCredit" time="11.163" classname="com.testNgs.Datarprovider"/>
  <testcase name="loginCredit" time="18.752" classname="com.testNgs.Datarprovider"/>
</testsuite> <!-- com.testNgs.Datarprovider -->
