<?xml version="1.0" encoding="UTF-8"?>
<!-- Generated by org.testng.reporters.JUnitReportReporter -->
<testsuite skipped="1" hostname="DESKTOP-N4PSSFG" name="com.basic.Enabled" tests="3" failures="0" timestamp="27 Sep 2022 08:54:48 GMT" time="0.673" errors="0">
  <testcase name="login" time="0.241" classname="com.basic.Enabled"/>
  <testcase name="password" time="0.432" classname="com.basic.Enabled"/>
  <testcase name="userName" classname="com.basic.Enabled">
    <skipped/>
  </testcase> <!-- userName -->
</testsuite> <!-- com.basic.Enabled -->
