<?xml version="1.0" encoding="UTF-8"?>
<!-- Generated by org.testng.reporters.JUnitReportReporter -->
<testsuite skipped="0" hostname="DESKTOP-N4PSSFG" name="com.basic.DataProvider" tests="1" failures="0" timestamp="08 Jan 2023 12:33:13 GMT" time="28.439" errors="0">
  <testcase name="login" time="28.439" classname="com.basic.DataProvider"/>
</testsuite> <!-- com.basic.DataProvider -->
