<?xml version="1.0" encoding="UTF-8"?>
<!-- Generated by org.testng.reporters.JUnitReportReporter -->
<testsuite skipped="1" hostname="DESKTOP-N4PSSFG" name="com.rerunknown.Enabled" tests="3" failures="0" timestamp="20 Sep 2022 12:33:22 GMT" time="0.680" errors="0">
  <testcase name="login" time="0.359" classname="com.rerunknown.Enabled"/>
  <testcase name="password" time="0.321" classname="com.rerunknown.Enabled"/>
  <testcase name="userName" classname="com.rerunknown.Enabled">
    <skipped/>
  </testcase> <!-- userName -->
</testsuite> <!-- com.rerunknown.Enabled -->
