<?xml version="1.0" encoding="UTF-8"?>
<!-- Generated by org.testng.reporters.JUnitReportReporter -->
<testsuite skipped="0" hostname="DESKTOP-N4PSSFG" name="com.basic.Parameters" tests="5" failures="0" timestamp="01 Sep 2022 07:18:01 GMT" time="7.140" errors="0">
  <testcase name="urlLaunch" time="3.966" classname="com.basic.Parameters"/>
  <testcase name="sendUserName" time="0.386" classname="com.basic.Parameters"/>
  <testcase name="sendUserPassWord" time="0.215" classname="com.basic.Parameters"/>
  <testcase name="clickLogin" time="2.569" classname="com.basic.Parameters"/>
  <testcase name="checkNetwork" time="0.004" classname="com.basic.Parameters"/>
</testsuite> <!-- com.basic.Parameters -->
