<?xml version="1.0" encoding="UTF-8"?>
<!-- Generated by org.testng.reporters.JUnitReportReporter -->
<testsuite skipped="0" hostname="DESKTOP-N4PSSFG" name="com.basic.GroupsExclude" tests="3" failures="0" timestamp="17 Sep 2022 16:40:08 GMT" time="0.052" errors="0">
  <testcase name="m7" time="0.006" classname="com.basic.GroupsExclude"/>
  <testcase name="m3" time="0.041" classname="com.basic.GroupsExclude"/>
  <testcase name="m6" time="0.005" classname="com.basic.GroupsExclude"/>
</testsuite> <!-- com.basic.GroupsExclude -->
