<?xml version="1.0" encoding="UTF-8"?>
<!-- Generated by org.testng.reporters.JUnitReportReporter -->
<testsuite skipped="0" hostname="DESKTOP-N4PSSFG" name="com.basic.Parameter" tests="1" failures="0" timestamp="15 Sep 2022 17:15:14 GMT" time="18.551" errors="0">
  <testcase name="login" time="18.551" classname="com.basic.Parameter"/>
</testsuite> <!-- com.basic.Parameter -->
