<?xml version="1.0" encoding="UTF-8"?>
<!-- Generated by org.testng.reporters.JUnitReportReporter -->
<testsuite skipped="0" hostname="DESKTOP-N4PSSFG" name="com.basic.ClassLevel" tests="3" failures="0" timestamp="31 Aug 2022 18:37:13 GMT" time="36.186" errors="0">
  <testcase name="yahoo" time="7.280" classname="com.basic.ClassLevel"/>
  <testcase name="adactin" time="8.170" classname="com.basic.ClassLevel"/>
  <testcase name="facebook" time="20.736" classname="com.basic.ClassLevel"/>
</testsuite> <!-- com.basic.ClassLevel -->
