<?xml version="1.0" encoding="UTF-8"?>
<!-- Generated by org.testng.reporters.JUnitReportReporter -->
<testsuite skipped="0" hostname="DESKTOP-N4PSSFG" name="com.basic.SuitLevelExe" tests="3" failures="0" timestamp="31 Aug 2022 18:37:13 GMT" time="26.848" errors="0">
  <testcase name="facebook" time="11.680" classname="com.basic.SuitLevelExe"/>
  <testcase name="adactin" time="2.436" classname="com.basic.SuitLevelExe"/>
  <testcase name="yahoo" time="12.732" classname="com.basic.SuitLevelExe"/>
</testsuite> <!-- com.basic.SuitLevelExe -->
