<?xml version="1.0" encoding="UTF-8"?>
<!-- Generated by org.testng.reporters.JUnitReportReporter -->
<testsuite skipped="0" hostname="DESKTOP-N4PSSFG" name="com.basic.TestLevel" tests="3" failures="0" timestamp="31 Aug 2022 18:37:13 GMT" time="23.240" errors="0">
  <testcase name="yahoo" time="3.536" classname="com.basic.TestLevel"/>
  <testcase name="facebook" time="16.427" classname="com.basic.TestLevel"/>
  <testcase name="adactin" time="3.277" classname="com.basic.TestLevel"/>
</testsuite> <!-- com.basic.TestLevel -->
