<?xml version="1.0" encoding="UTF-8"?>
<!-- Generated by org.testng.reporters.JUnitReportReporter -->
<testsuite skipped="0" hostname="DESKTOP-N4PSSFG" name="com.softassert.SoftAssert" tests="1" failures="0" timestamp="21 Sep 2022 16:10:28 GMT" time="33.267" errors="0">
  <testcase name="chrome" time="33.267" classname="com.softassert.SoftAssert"/>
</testsuite> <!-- com.softassert.SoftAssert -->
