<?xml version="1.0" encoding="UTF-8"?>
<!-- Generated by org.testng.reporters.JUnitReportReporter -->
<testsuite skipped="1" hostname="DESKTOP-N4PSSFG" name="com.crossbrowserexecution.Methods" tests="3" failures="0" timestamp="21 Sep 2022 10:38:34 GMT" time="52.888" errors="0">
  <testcase name="edge" time="33.457" classname="com.crossbrowserexecution.Methods"/>
  <testcase name="chrome" time="19.431" classname="com.crossbrowserexecution.Methods"/>
  <testcase name="mozilla" classname="com.crossbrowserexecution.Methods">
    <skipped/>
  </testcase> <!-- mozilla -->
</testsuite> <!-- com.crossbrowserexecution.Methods -->
