<?xml version="1.0" encoding="UTF-8"?>
<!-- Generated by org.testng.reporters.JUnitReportReporter -->
<testsuite skipped="0" hostname="DESKTOP-N4PSSFG" name="com.basic.Optional" tests="1" failures="0" timestamp="13 Sep 2022 18:01:19 GMT" time="42.275" errors="0">
  <testcase name="login" time="42.275" classname="com.basic.Optional"/>
</testsuite> <!-- com.basic.Optional -->
