<?xml version="1.0" encoding="UTF-8"?>
<!-- Generated by org.testng.reporters.JUnitReportReporter -->
<testsuite skipped="0" hostname="DESKTOP-N4PSSFG" name="com.examples.DependsOnGroups" tests="1" failures="0" timestamp="12 Sep 2022 05:23:03 GMT" time="0.041" errors="0">
  <testcase name="m1" time="0.041" classname="com.examples.DependsOnGroups"/>
</testsuite> <!-- com.examples.DependsOnGroups -->
