<?xml version="1.0" encoding="UTF-8"?>
<!-- Generated by org.testng.reporters.JUnitReportReporter -->
<testsuite skipped="0" hostname="DESKTOP-N4PSSFG" name="com.basic.Priority" tests="5" failures="0" timestamp="16 Sep 2022 17:28:55 GMT" time="0.061" errors="0">
  <testcase name="m3" time="0.041" classname="com.basic.Priority"/>
  <testcase name="m5" time="0.010" classname="com.basic.Priority"/>
  <testcase name="m2" time="0.004" classname="com.basic.Priority"/>
  <testcase name="me" time="0.003" classname="com.basic.Priority"/>
  <testcase name="a4" time="0.003" classname="com.basic.Priority"/>
</testsuite> <!-- com.basic.Priority -->
