<?xml version="1.0" encoding="UTF-8"?>
<!-- Generated by org.testng.reporters.JUnitReportReporter -->
<testsuite skipped="0" hostname="DESKTOP-N4PSSFG" name="com.examples.DependsOnGroups2" tests="3" failures="0" timestamp="12 Sep 2022 05:32:54 GMT" time="0.064" errors="0">
  <testcase name="m4" time="0.017" classname="com.examples.DependsOnGroups2"/>
  <testcase name="m1" time="0.047" classname="com.examples.DependsOnGroups2"/>
  <testcase name="m3" time="0.000" classname="com.examples.DependsOnGroups2"/>
</testsuite> <!-- com.examples.DependsOnGroups2 -->
