<?xml version="1.0" encoding="UTF-8"?>
<!-- Generated by org.testng.reporters.JUnitReportReporter -->
<testsuite skipped="0" hostname="DESKTOP-N4PSSFG" name="com.basic.GroupsInclude" tests="4" failures="0" timestamp="17 Sep 2022 16:31:12 GMT" time="0.063" errors="0">
  <testcase name="m4" time="0.005" classname="com.basic.GroupsInclude"/>
  <testcase name="m1" time="0.042" classname="com.basic.GroupsInclude"/>
  <testcase name="m2" time="0.010" classname="com.basic.GroupsInclude"/>
  <testcase name="m8" time="0.006" classname="com.basic.GroupsInclude"/>
</testsuite> <!-- com.basic.GroupsInclude -->
