<?xml version="1.0" encoding="UTF-8"?>
<!-- Generated by org.testng.reporters.JUnitReportReporter -->
<testsuite skipped="0" hostname="DESKTOP-N4PSSFG" name="com.basic.Execution" tests="3" failures="0" timestamp="15 Sep 2022 17:38:35 GMT" time="0.078" errors="0">
  <testcase name="m11" time="0.047" classname="com.basic.Execution"/>
  <testcase name="m5" time="0.016" classname="com.basic.Execution"/>
  <testcase name="m6" time="0.015" classname="com.basic.Execution"/>
</testsuite> <!-- com.basic.Execution -->
