<?xml version="1.0" encoding="UTF-8"?>
<!-- Generated by org.testng.reporters.JUnitReportReporter -->
<testsuite skipped="0" hostname="DESKTOP-N4PSSFG" name="com.daily.Parameter" tests="2" failures="0" timestamp="15 Sep 2022 14:05:33 GMT" time="25.933" errors="0">
  <testcase name="test2" time="9.391" classname="com.daily.Parameter"/>
  <testcase name="test2" time="16.542" classname="com.daily.Parameter"/>
</testsuite> <!-- com.daily.Parameter -->
