<?xml version="1.0" encoding="UTF-8"?>
<!-- Generated by org.testng.reporters.JUnitReportReporter -->
<testsuite skipped="0" hostname="DESKTOP-N4PSSFG" name="com.parameter.Parameter1" tests="2" failures="0" timestamp="30 Aug 2022 16:48:18 GMT" time="53.038" errors="0">
  <testcase name="loginFaceBookWithValidCredentials" time="25.237" classname="com.parameter.Parameter1"/>
  <testcase name="loginFaceBook" time="27.801" classname="com.parameter.Parameter1"/>
</testsuite> <!-- com.parameter.Parameter1 -->
