<?xml version="1.0" encoding="UTF-8"?>
<!-- Generated by org.testng.reporters.JUnitReportReporter -->
<testsuite skipped="0" hostname="DESKTOP-N4PSSFG" name="com.testNgs.Groups" tests="4" failures="0" timestamp="07 Sep 2022 12:05:10 GMT" time="0.051" errors="0">
  <testcase name="fixedBugTest" time="0.000" classname="com.testNgs.Groups"/>
  <testcase name="functionalTest" time="0.000" classname="com.testNgs.Groups"/>
  <testcase name="beforeDeploymentTest" time="0.041" classname="com.testNgs.Groups"/>
  <testcase name="day0test" time="0.010" classname="com.testNgs.Groups"/>
</testsuite> <!-- com.testNgs.Groups -->
